Determining if the pthread_create exist failed with the following output:
Change Dir: /home/luca/ros_practicals_ws/build/CMakeFiles/CMakeTmp

Run Build Command:"/usr/bin/make" "cmTC_5506c/fast"
/usr/bin/make -f CMakeFiles/cmTC_5506c.dir/build.make CMakeFiles/cmTC_5506c.dir/build
make[1] : on entre dans le répertoire « /home/luca/ros_practicals_ws/build/CMakeFiles/CMakeTmp »
Building C object CMakeFiles/cmTC_5506c.dir/CheckSymbolExists.c.o
/usr/bin/cc    -o CMakeFiles/cmTC_5506c.dir/CheckSymbolExists.c.o   -c /home/luca/ros_practicals_ws/build/CMakeFiles/CMakeTmp/CheckSymbolExists.c
Linking C executable cmTC_5506c
/usr/bin/cmake -E cmake_link_script CMakeFiles/cmTC_5506c.dir/link.txt --verbose=1
/usr/bin/cc      -rdynamic CMakeFiles/cmTC_5506c.dir/CheckSymbolExists.c.o  -o cmTC_5506c 
CMakeFiles/cmTC_5506c.dir/CheckSymbolExists.c.o : Dans la fonction « main » :
CheckSymbolExists.c:(.text+0x1b) : référence indéfinie vers « pthread_create »
collect2: error: ld returned 1 exit status
CMakeFiles/cmTC_5506c.dir/build.make:97: recipe for target 'cmTC_5506c' failed
make[1]: *** [cmTC_5506c] Error 1
make[1] : on quitte le répertoire « /home/luca/ros_practicals_ws/build/CMakeFiles/CMakeTmp »
Makefile:126: recipe for target 'cmTC_5506c/fast' failed
make: *** [cmTC_5506c/fast] Error 2

File /home/luca/ros_practicals_ws/build/CMakeFiles/CMakeTmp/CheckSymbolExists.c:
/* */
#include <pthread.h>

int main(int argc, char** argv)
{
  (void)argv;
#ifndef pthread_create
  return ((int*)(&pthread_create))[argc];
#else
  (void)argc;
  return 0;
#endif
}

Determining if the function pthread_create exists in the pthreads failed with the following output:
Change Dir: /home/luca/ros_practicals_ws/build/CMakeFiles/CMakeTmp

Run Build Command:"/usr/bin/make" "cmTC_de676/fast"
/usr/bin/make -f CMakeFiles/cmTC_de676.dir/build.make CMakeFiles/cmTC_de676.dir/build
make[1] : on entre dans le répertoire « /home/luca/ros_practicals_ws/build/CMakeFiles/CMakeTmp »
Building C object CMakeFiles/cmTC_de676.dir/CheckFunctionExists.c.o
/usr/bin/cc   -DCHECK_FUNCTION_EXISTS=pthread_create   -o CMakeFiles/cmTC_de676.dir/CheckFunctionExists.c.o   -c /usr/share/cmake-3.10/Modules/CheckFunctionExists.c
Linking C executable cmTC_de676
/usr/bin/cmake -E cmake_link_script CMakeFiles/cmTC_de676.dir/link.txt --verbose=1
/usr/bin/cc  -DCHECK_FUNCTION_EXISTS=pthread_create    -rdynamic CMakeFiles/cmTC_de676.dir/CheckFunctionExists.c.o  -o cmTC_de676 -lpthreads 
/usr/bin/ld : ne peut trouver -lpthreads
collect2: error: ld returned 1 exit status
CMakeFiles/cmTC_de676.dir/build.make:97: recipe for target 'cmTC_de676' failed
make[1]: *** [cmTC_de676] Error 1
make[1] : on quitte le répertoire « /home/luca/ros_practicals_ws/build/CMakeFiles/CMakeTmp »
Makefile:126: recipe for target 'cmTC_de676/fast' failed
make: *** [cmTC_de676/fast] Error 2


